This file contains any messages produced by compilers while
running configure, to aid debugging if configure makes a mistake.

configure:602: checking host system type
configure:627: checking for gcc
configure:704: checking whether the C compiler (gcc  ) works
configure:718: gcc -o conftest    conftest.c  1>&5
configure:715:1: warning: return type defaults to 'int' [-Wimplicit-int]
 main(){return(0);}
 ^~~~
configure:738: checking whether the C compiler (gcc  ) is a cross-compiler
configure:743: checking whether we are using GNU C
configure:752: gcc -E conftest.c
configure:767: checking whether gcc accepts -g
configure:795: checking how to run the C preprocessor
configure:816: gcc -E  conftest.c >/dev/null 2>conftest.out
configure:858: checking for ranlib
configure:885: checking whether make sets ${MAKE}
configure:913: checking for style of include in makefiles
configure:974: checking for a BSD compatible install
configure:1028: checking for lint
configure:1028: checking for alint
configure:1028: checking for lclint
configure:1028: checking for tdlint
configure:1058: checking for AIX
configure:1082: checking for POSIXized ISC
configure:1108: checking if you want to see long compiling messages
configure:1156: checking if you want to check memory-leaks
configure:1180: checking if you want to enable debug-code
configure:1225: checking if you want to turn on gcc warnings
configure:1362: checking if you want full utility pathnames
configure:1383: checking for system mailer
configure:1410: checking system mail flags
configure:1438: checking for chmod
configure:1511: checking for compress
configure:1584: checking for cp
configure:1657: checking for gzip
configure:1730: checking for mkdir
configure:1803: checking for mv
configure:1876: checking for rm
configure:1949: checking for tar
configure:2022: checking for touch
configure:2095: checking for gunzip
configure:2168: checking for unzip
configure:2241: checking for uudecode
configure:2314: checking for zcat
configure:2387: checking for zip
configure:2547: checking for working const
configure:2601: gcc -c -O2  conftest.c 1>&5
configure:2924: checking if you want socks library
configure:2944: checking if you want socks5 library
configure:3148: checking for network libraries
configure:3159: checking for gethostname
configure:3187: gcc -o conftest -O2   conftest.c  1>&5
configure:3325: checking for -linet
configure:3339: gcc -o conftest -O2   conftest.c -linet   1>&5
/usr/bin/ld: cannot find -linet
collect2: error: ld returned 1 exit status
configure: failed program was:
#line 3332 "configure"
#include "confdefs.h"

int main() {
main()
; return 0; }
configure:3362: checking for socket
configure:3390: gcc -o conftest -O2   conftest.c  1>&5
configure:3529: checking for gethostbyname
configure:3557: gcc -o conftest -O2   conftest.c  1>&5
configure:3640: checking for strcasecmp
configure:3668: gcc -o conftest -O2   conftest.c  1>&5
configure:3652:6: warning: conflicting types for built-in function 'strcasecmp' [-Wbuiltin-declaration-mismatch]
 char $ac_func();
      ^~~~~~~~~~
configure:3756: checking for screen type
configure:3791: checking for initscr
configure:3819: gcc -o conftest -O2   conftest.c   1>&5
/usr/bin/ld: /tmp/cckfYNkJ.o: in function `main':
conftest.c:(.text.startup+0x7): undefined reference to `initscr'
collect2: error: ld returned 1 exit status
configure: failed program was:
#line 3796 "configure"
#include "confdefs.h"
/* System header to define __stub macros and hopefully few prototypes,
    which can conflict with char initscr(); below.  */
#include <assert.h>
/* Override any gcc2 internal prototype to avoid an error.  */
/* We use char because int might match the return type of a gcc2
    builtin and then its argument prototype would still apply.  */
char initscr();

int main() {

/* The GNU C library defines this for functions which it implements
    to always fail with ENOSYS.  Some functions are actually named
    something starting with __ and the normal name is an alias.  */
#if defined (__stub_initscr) || defined (__stub___initscr)
choke me
#else
initscr();
#endif

; return 0; }
configure:3990: checking for tgoto
configure:4018: gcc -o conftest -O2   conftest.c   1>&5
/usr/bin/ld: /tmp/ccicrkOL.o: in function `main':
conftest.c:(.text.startup+0x7): undefined reference to `tgoto'
collect2: error: ld returned 1 exit status
configure: failed program was:
#line 3995 "configure"
#include "confdefs.h"
/* System header to define __stub macros and hopefully few prototypes,
    which can conflict with char tgoto(); below.  */
#include <assert.h>
/* Override any gcc2 internal prototype to avoid an error.  */
/* We use char because int might match the return type of a gcc2
    builtin and then its argument prototype would still apply.  */
char tgoto();

int main() {

/* The GNU C library defines this for functions which it implements
    to always fail with ENOSYS.  Some functions are actually named
    something starting with __ and the normal name is an alias.  */
#if defined (__stub_tgoto) || defined (__stub___tgoto)
choke me
#else
tgoto();
#endif

; return 0; }
configure:4039: checking for tgoto in -ltermcap
configure:4058: gcc -o conftest -O2   conftest.c -ltermcap    1>&5
configure:4088: checking for initscr in -lcursesX
configure:4107: gcc -o conftest -O2   conftest.c -lcursesX  -ltermcap   1>&5
/usr/bin/ld: cannot find -lcursesX
collect2: error: ld returned 1 exit status
configure: failed program was:
#line 4096 "configure"
#include "confdefs.h"
/* Override any gcc2 internal prototype to avoid an error.  */
/* We use char because int might match the return type of a gcc2
    builtin and then its argument prototype would still apply.  */
char initscr();

int main() {
initscr()
; return 0; }
configure:4088: checking for initscr in -lcurses
configure:4107: gcc -o conftest -O2   conftest.c -lcurses  -ltermcap   1>&5
configure:4156: checking if we need both curses and termcap libraries
configure:4165: gcc -o conftest -O2   conftest.c -lcurses   1>&5
configure: In function 'main':
configure:4161:12: warning: implicit declaration of function 'tgoto' [-Wimplicit-function-declaration]
 initscr(); tgoto((char *)0, 0, 0);
            ^~~~~
configure:4204: checking for curses performance tradeoff
configure:4225: gcc -c -O2  conftest.c 1>&5
configure: In function 'main':
configure:4219:10: error: expected expression before ';' token
  int x = ; /* force an error */
          ^
configure: failed program was:
#line 4211 "configure"
#include "confdefs.h"

#include <curses.h>
int main() {

#if defined(wbkgdset) && defined(clearok) && defined(getbkgd)
	int x = ERR;
#else
	int x = ;	/* force an error */
#endif
	
; return 0; }
configure:5374: checking for location of config-file
configure:5384: checking for ANSI C header files
configure:5397: gcc -E  conftest.c >/dev/null 2>conftest.out
configure:5464: gcc -o conftest -O2   conftest.c -lcurses   1>&5
configure: In function 'main':
configure:5459:67: warning: implicit declaration of function 'exit' [-Wimplicit-function-declaration]
 if (XOR (islower (i), ISLOWER (i)) || toupper (i) != TOUPPER (i)) exit(2);
                                                                   ^~~~
configure:5459:67: warning: incompatible implicit declaration of built-in function 'exit'
configure:5459:67: note: include '<stdlib.h>' or provide a declaration of 'exit'
configure:5455:1:
+#include <stdlib.h>
 #define ISLOWER(c) ('a' <= (c) && (c) <= 'z')
configure:5459:67:
 if (XOR (islower (i), ISLOWER (i)) || toupper (i) != TOUPPER (i)) exit(2);
                                                                   ^~~~
configure:5460:1: warning: incompatible implicit declaration of built-in function 'exit'
 exit (0); }
 ^~~~
configure:5460:1: note: include '<stdlib.h>' or provide a declaration of 'exit'
configure:5488: checking whether time.h and sys/time.h may both be included
configure:5502: gcc -c -O2  conftest.c 1>&5
configure:5527: checking for dirent.h that defines DIR
configure:5540: gcc -c -O2  conftest.c 1>&5
configure:5565: checking for opendir in -ldir
configure:5584: gcc -o conftest -O2   conftest.c -ldir  -lcurses   1>&5
/usr/bin/ld: cannot find -ldir
collect2: error: ld returned 1 exit status
configure: failed program was:
#line 5573 "configure"
#include "confdefs.h"
/* Override any gcc2 internal prototype to avoid an error.  */
/* We use char because int might match the return type of a gcc2
    builtin and then its argument prototype would still apply.  */
char opendir();

int main() {
opendir()
; return 0; }
configure:5664: checking for fcntl.h
configure:5674: gcc -E  conftest.c >/dev/null 2>conftest.out
configure:5664: checking for limits.h
configure:5674: gcc -E  conftest.c >/dev/null 2>conftest.out
configure:5664: checking for stdlib.h
configure:5674: gcc -E  conftest.c >/dev/null 2>conftest.out
configure:5664: checking for string.h
configure:5674: gcc -E  conftest.c >/dev/null 2>conftest.out
configure:5664: checking for sys/fcntl.h
configure:5674: gcc -E  conftest.c >/dev/null 2>conftest.out
configure:5664: checking for sys/filio.h
configure:5674: gcc -E  conftest.c >/dev/null 2>conftest.out
configure:5670:10: fatal error: sys/filio.h: No such file or directory
 #include <$ac_hdr>
          ^~~~~~~~~    
compilation terminated.
configure: failed program was:
#line 5669 "configure"
#include "confdefs.h"
#include <sys/filio.h>
configure:5664: checking for sys/ioctl.h
configure:5674: gcc -E  conftest.c >/dev/null 2>conftest.out
configure:5664: checking for sys/param.h
configure:5674: gcc -E  conftest.c >/dev/null 2>conftest.out
configure:5664: checking for sys/time.h
configure:5674: gcc -E  conftest.c >/dev/null 2>conftest.out
configure:5664: checking for termio.h
configure:5674: gcc -E  conftest.c >/dev/null 2>conftest.out
configure:5664: checking for termios.h
configure:5674: gcc -E  conftest.c >/dev/null 2>conftest.out
configure:5664: checking for unistd.h
configure:5674: gcc -E  conftest.c >/dev/null 2>conftest.out
configure:5702: checking termio.h and termios.h
configure:5721: gcc -c -O2  conftest.c 1>&5
configure: In function 'main':
configure:5717:1: warning: implicit declaration of function 'putchar' [-Wimplicit-function-declaration]
 putchar (0x0a)
 ^~~~~~~
configure:5744: checking for sys/wait.h
configure:5754: gcc -E  conftest.c >/dev/null 2>conftest.out
configure:5882: checking for union wait
configure:5899: gcc -o conftest -O2   conftest.c -lcurses   1>&5
compiles ok w/o union wait
configure:6020: checking for uid_t in sys/types.h
configure:6054: checking type of array argument to getgroups
configure:6087: gcc -o conftest -O2   conftest.c -lcurses   1>&5
configure:6069:1: warning: return type defaults to 'int' [-Wimplicit-int]
 main()
 ^~~~
configure: In function 'main':
configure:6078:7: warning: implicit declaration of function 'getgroups' [-Wimplicit-function-declaration]
   n = getgroups (sizeof (gidset) / MAX (sizeof (int), sizeof (gid_t)) - 1,
       ^~~~~~~~~
configure:6082:3: warning: implicit declaration of function 'exit' [-Wimplicit-function-declaration]
   exit ((n > 0 && gidset[n] != val.gval) ? 1 : 0);
   ^~~~
configure:6082:3: warning: incompatible implicit declaration of built-in function 'exit'
configure:6082:3: note: include '<stdlib.h>' or provide a declaration of 'exit'
configure:6066:1:
+#include <stdlib.h>
 #define NGID 256
configure:6082:3:
   exit ((n > 0 && gidset[n] != val.gval) ? 1 : 0);
   ^~~~
configure:6125: checking for pid_t
configure:6158: checking for uid_t in sys/types.h
configure:6192: checking for mode_t
configure:6228: checking for vfork.h
configure:6238: gcc -E  conftest.c >/dev/null 2>conftest.out
configure:6234:10: fatal error: vfork.h: No such file or directory
 #include <vfork.h>
          ^~~~~~~~~
compilation terminated.
configure: failed program was:
#line 6233 "configure"
#include "confdefs.h"
#include <vfork.h>
configure:6263: checking for working vfork
configure:6413: gcc -o conftest -O2   conftest.c -lcurses   1>&5
configure:6339:1: warning: return type defaults to 'int' [-Wimplicit-int]
 sparc_address_test (arg) int arg;
 ^~~~~~~~~~~~~~~~~~
configure:6356:1: warning: return type defaults to 'int' [-Wimplicit-int]
 main() {
 ^~~~
configure: In function 'main':
configure:6394:12: warning: implicit declaration of function 'wait'; did you mean 'main'? [-Wimplicit-function-declaration]
     while (wait(&status) != child)
            ^~~~
            main
configure:6396:5: warning: implicit declaration of function 'exit' [-Wimplicit-function-declaration]
     exit(
     ^~~~
configure:6396:5: warning: incompatible implicit declaration of built-in function 'exit'
configure:6396:5: note: include '<stdlib.h>' or provide a declaration of 'exit'
configure:6325:1:
+#include <stdlib.h>
 #endif
configure:6396:5:
     exit(
     ^~~~
configure:6437: checking if we should use fcntl or ioctl
configure:6455: gcc -o conftest -O2   conftest.c -lcurses   1>&5
configure:6504: checking for broken/missing definition of remove
configure:6517: gcc -o conftest -O2   conftest.c -lcurses   1>&5
configure:6557: checking for lstat
configure:6572: gcc -o conftest -O2   conftest.c -lcurses   1>&5
configure:6604: checking for cuserid
configure:6632: gcc -o conftest -O2   conftest.c -lcurses   1>&5
configure:6604: checking for getcwd
configure:6632: gcc -o conftest -O2   conftest.c -lcurses   1>&5
configure:6604: checking for getgroups
configure:6632: gcc -o conftest -O2   conftest.c -lcurses   1>&5
configure:6604: checking for putenv
configure:6632: gcc -o conftest -O2   conftest.c -lcurses   1>&5
configure:6604: checking for readdir
configure:6632: gcc -o conftest -O2   conftest.c -lcurses   1>&5
configure:6604: checking for strerror
configure:6632: gcc -o conftest -O2   conftest.c -lcurses   1>&5
configure:6604: checking for waitpid
configure:6632: gcc -o conftest -O2   conftest.c -lcurses   1>&5
configure:6662: checking for mktime
configure:6690: gcc -o conftest -O2   conftest.c -lcurses   1>&5
configure:6662: checking for strstr
configure:6690: gcc -o conftest -O2   conftest.c -lcurses   1>&5
configure:6674:6: warning: conflicting types for built-in function 'strstr' [-Wbuiltin-declaration-mismatch]
 char $ac_func();
      ^~~~~~
configure:6721: checking for strstr declaration
configure:6735: gcc -c -O2  conftest.c 1>&5
configure: In function 'main':
configure:6730:12: error: conflicting types for 'strstr'
 extern int ${ac_func}();
            ^~~~~~
In file included from configure:6727:
/usr/include/string.h:329:14: note: previous declaration of 'strstr' was here
 extern char *strstr (const char *__haystack, const char *__needle)
              ^~~~~~
configure: failed program was:
#line 6726 "configure"
#include "confdefs.h"
#include <string.h>
int main() {
#ifndef strstr
extern	int	strstr();
#endif
; return 0; }
configure:6790: checking for getgrgid declaration
configure:6806: gcc -c -O2  conftest.c 1>&5
configure: In function 'main':
configure:6801:12: error: conflicting types for 'getgrgid'
 extern int ${ac_func}();
            ^~~~~~~~
In file included from configure:6798:
/usr/include/grp.h:101:22: note: previous declaration of 'getgrgid' was here
 extern struct group *getgrgid (__gid_t __gid);
                      ^~~~~~~~
configure: failed program was:
#line 6795 "configure"
#include "confdefs.h"

#include <stdio.h>
#include <grp.h>
int main() {
#ifndef getgrgid
extern	int	getgrgid();
#endif
; return 0; }
configure:6790: checking for getgrnam declaration
configure:6806: gcc -c -O2  conftest.c 1>&5
configure: In function 'main':
configure:6801:12: error: conflicting types for 'getgrnam'
 extern int ${ac_func}();
            ^~~~~~~~
In file included from configure:6798:
/usr/include/grp.h:107:22: note: previous declaration of 'getgrnam' was here
 extern struct group *getgrnam (const char *__name);
                      ^~~~~~~~
configure: failed program was:
#line 6795 "configure"
#include "confdefs.h"

#include <stdio.h>
#include <grp.h>
int main() {
#ifndef getgrnam
extern	int	getgrnam();
#endif
; return 0; }
configure:6863: checking if TRUE/FALSE are defined
configure:6878: gcc -c -O2  conftest.c 1>&5
configure:6905: checking declaration of errno
configure:6924: gcc -c -O2  conftest.c 1>&5
configure:6996: checking for setlocale()
configure:7009: gcc -o conftest -O2   conftest.c -lcurses   1>&5
configure:7030: checking if NGROUPS is defined
configure:7050: gcc -c -O2  conftest.c 1>&5
configure:7106: checking declaration of sys_nerr
configure:7125: gcc -c -O2  conftest.c 1>&5
configure:7106: checking declaration of sys_errlist
configure:7125: gcc -c -O2  conftest.c 1>&5
configure:7198: checking if struct utmp is declared
configure:7213: gcc -c -O2  conftest.c 1>&5
configure:7259: checking if curses supports alternate-character set
configure:7276: gcc -o conftest -O2   conftest.c -lcurses   1>&5
configure:7299: checking if curses supports fancy attributes
configure:7318: gcc -o conftest -O2   conftest.c -lcurses   1>&5
configure:7338: checking for ncurses version
configure:7395: gcc -o conftest -O2   conftest.c -lcurses   1>&5
configure: In function 'main':
configure:7391:2: warning: implicit declaration of function 'exit' [-Wimplicit-function-declaration]
  exit(0);
  ^~~~
configure:7391:2: warning: incompatible implicit declaration of built-in function 'exit'
configure:7391:2: note: include '<stdlib.h>' or provide a declaration of 'exit'
configure:7375:1:
+#include <stdlib.h>
 int main()
configure:7391:2:
  exit(0);
  ^~~~
configure:7415: checking for obsolete/broken version of ncurses
configure:7435: gcc -c -O2  conftest.c 1>&5
configure:7460: checking if curses supports color attributes
configure:7481: gcc -o conftest -O2   conftest.c -lcurses   1>&5
configure:7508: checking declaration of size-change
configure:7561: gcc -c -O2  conftest.c 1>&5
size-change succeeded ()
configure:7593: checking if ttytype is declared in curses library
configure:7606: gcc -o conftest -O2   conftest.c -lcurses   1>&5
configure:7634: checking for cbreak
configure:7662: gcc -o conftest -O2   conftest.c -lcurses   1>&5
configure:7634: checking for define_key
configure:7662: gcc -o conftest -O2   conftest.c -lcurses   1>&5
configure:7634: checking for keypad
configure:7662: gcc -o conftest -O2   conftest.c -lcurses   1>&5
configure:7634: checking for use_default_colors
configure:7662: gcc -o conftest -O2   conftest.c -lcurses   1>&5
configure:7634: checking for wborder
configure:7662: gcc -o conftest -O2   conftest.c -lcurses   1>&5
configure:7692: checking if new-style forms-based options screen should be used
configure:7716: checking if old-style options menu should be used
configure:7740: checking if configuration info should be browsable
configure:7764: checking if experimental persistent-cookie logic should be used
configure:7788: checking if color-style code should be used
configure:7849: checking if partial-display should be used
configure:7878: checking if you want to use default-colors
configure:7903: checking if you want to use extended HTML DTD logic
configure:7927: checking if you want to use external commands
configure:7951: checking if you want to use setfont support
configure:7975: checking if you want cgi-link support
configure:7994: checking if you want exec-links support
configure:8013: checking if you want exec-scripts support
configure:8032: checking if you want internal-links feature
configure:8056: checking if you want to fork NSL requests
configure:8080: checking if you want to log URL requests via syslog
configure:8104: checking if you want to underline links
configure:8128: checking if help files should be gzip'ed
configure:8157: checking if you want to use zlib for decompression of some gzip files
configure:8310: checking if directory-editor code should be used
configure:8336: checking if you wish to allow extracting from archives via DirEd
configure:8355: checking if you wish to allow users to redefine DirEd keys
configure:8381: checking if you wish to allow permissions commands via DirEd
configure:8407: checking if you wish to allow executable-permission commands via DirEd
configure:8426: checking if you wish to allow tar commands from DirEd
configure:8452: checking if you wish to allow uudecode commands from DirEd
configure:8478: checking if you wish to allow zip and unzip commands from DirEd
configure:8504: checking if you wish to allow gzip and gunzip commands from DirEd
configure:8531: checking if you want long-directory listings
configure:8557: checking if parent-directory references are permitted
configure:8577: checking if we can include termio.h with curses
configure:8595: gcc -c -O2 -DHAVE_CONFIG_H -I. -I. -I./src -I./WWW/Library/Implementation  conftest.c 1>&5
