2019-12-16 15:00:16 startup archives unpack
2019-12-16 15:00:16 install binutils-common:amd64 <none> 2.31.1-16
2019-12-16 15:00:16 status half-installed binutils-common:amd64 2.31.1-16
2019-12-16 15:00:16 status unpacked binutils-common:amd64 2.31.1-16
2019-12-16 15:00:16 install libbinutils:amd64 <none> 2.31.1-16
2019-12-16 15:00:16 status triggers-pending libc-bin:amd64 2.28-10
2019-12-16 15:00:16 status half-installed libbinutils:amd64 2.31.1-16
2019-12-16 15:00:16 status unpacked libbinutils:amd64 2.31.1-16
2019-12-16 15:00:16 install binutils-x86-64-linux-gnu:amd64 <none> 2.31.1-16
2019-12-16 15:00:16 status half-installed binutils-x86-64-linux-gnu:amd64 2.31.1-16
2019-12-16 15:00:17 status unpacked binutils-x86-64-linux-gnu:amd64 2.31.1-16
2019-12-16 15:00:17 install binutils:amd64 <none> 2.31.1-16
2019-12-16 15:00:17 status half-installed binutils:amd64 2.31.1-16
2019-12-16 15:00:17 status unpacked binutils:amd64 2.31.1-16
2019-12-16 15:00:17 install libisl19:amd64 <none> 0.20-2
2019-12-16 15:00:17 status half-installed libisl19:amd64 0.20-2
2019-12-16 15:00:17 status unpacked libisl19:amd64 0.20-2
2019-12-16 15:00:17 install libmpfr6:amd64 <none> 4.0.2-1
2019-12-16 15:00:17 status half-installed libmpfr6:amd64 4.0.2-1
2019-12-16 15:00:17 status unpacked libmpfr6:amd64 4.0.2-1
2019-12-16 15:00:17 install libmpc3:amd64 <none> 1.1.0-1
2019-12-16 15:00:17 status half-installed libmpc3:amd64 1.1.0-1
2019-12-16 15:00:17 status unpacked libmpc3:amd64 1.1.0-1
2019-12-16 15:00:17 install cpp-8:amd64 <none> 8.3.0-6
2019-12-16 15:00:17 status half-installed cpp-8:amd64 8.3.0-6
2019-12-16 15:00:18 status unpacked cpp-8:amd64 8.3.0-6
2019-12-16 15:00:18 install cpp:amd64 <none> 4:8.3.0-1
2019-12-16 15:00:18 status half-installed cpp:amd64 4:8.3.0-1
2019-12-16 15:00:18 status unpacked cpp:amd64 4:8.3.0-1
2019-12-16 15:00:18 install libcc1-0:amd64 <none> 8.3.0-6
2019-12-16 15:00:18 status half-installed libcc1-0:amd64 8.3.0-6
2019-12-16 15:00:18 status unpacked libcc1-0:amd64 8.3.0-6
2019-12-16 15:00:18 install libgomp1:amd64 <none> 8.3.0-6
2019-12-16 15:00:18 status half-installed libgomp1:amd64 8.3.0-6
2019-12-16 15:00:18 status unpacked libgomp1:amd64 8.3.0-6
2019-12-16 15:00:18 install libitm1:amd64 <none> 8.3.0-6
2019-12-16 15:00:18 status half-installed libitm1:amd64 8.3.0-6
2019-12-16 15:00:18 status unpacked libitm1:amd64 8.3.0-6
2019-12-16 15:00:18 install libatomic1:amd64 <none> 8.3.0-6
2019-12-16 15:00:18 status half-installed libatomic1:amd64 8.3.0-6
2019-12-16 15:00:18 status unpacked libatomic1:amd64 8.3.0-6
2019-12-16 15:00:18 install libasan5:amd64 <none> 8.3.0-6
2019-12-16 15:00:18 status half-installed libasan5:amd64 8.3.0-6
2019-12-16 15:00:18 status unpacked libasan5:amd64 8.3.0-6
2019-12-16 15:00:18 install liblsan0:amd64 <none> 8.3.0-6
2019-12-16 15:00:18 status half-installed liblsan0:amd64 8.3.0-6
2019-12-16 15:00:18 status unpacked liblsan0:amd64 8.3.0-6
2019-12-16 15:00:18 install libtsan0:amd64 <none> 8.3.0-6
2019-12-16 15:00:18 status half-installed libtsan0:amd64 8.3.0-6
2019-12-16 15:00:18 status unpacked libtsan0:amd64 8.3.0-6
2019-12-16 15:00:18 install libubsan1:amd64 <none> 8.3.0-6
2019-12-16 15:00:18 status half-installed libubsan1:amd64 8.3.0-6
2019-12-16 15:00:18 status unpacked libubsan1:amd64 8.3.0-6
2019-12-16 15:00:18 install libmpx2:amd64 <none> 8.3.0-6
2019-12-16 15:00:18 status half-installed libmpx2:amd64 8.3.0-6
2019-12-16 15:00:18 status unpacked libmpx2:amd64 8.3.0-6
2019-12-16 15:00:18 install libquadmath0:amd64 <none> 8.3.0-6
2019-12-16 15:00:18 status half-installed libquadmath0:amd64 8.3.0-6
2019-12-16 15:00:18 status unpacked libquadmath0:amd64 8.3.0-6
2019-12-16 15:00:18 install libgcc-8-dev:amd64 <none> 8.3.0-6
2019-12-16 15:00:18 status half-installed libgcc-8-dev:amd64 8.3.0-6
2019-12-16 15:00:19 status unpacked libgcc-8-dev:amd64 8.3.0-6
2019-12-16 15:00:19 install gcc-8:amd64 <none> 8.3.0-6
2019-12-16 15:00:19 status half-installed gcc-8:amd64 8.3.0-6
2019-12-16 15:00:20 status unpacked gcc-8:amd64 8.3.0-6
2019-12-16 15:00:20 install gcc:amd64 <none> 4:8.3.0-1
2019-12-16 15:00:20 status half-installed gcc:amd64 4:8.3.0-1
2019-12-16 15:00:20 status unpacked gcc:amd64 4:8.3.0-1
2019-12-16 15:00:20 install libc-dev-bin:amd64 <none> 2.28-10
2019-12-16 15:00:20 status half-installed libc-dev-bin:amd64 2.28-10
2019-12-16 15:00:20 status unpacked libc-dev-bin:amd64 2.28-10
2019-12-16 15:00:20 install linux-libc-dev:amd64 <none> 4.19.67-2+deb10u2
2019-12-16 15:00:20 status half-installed linux-libc-dev:amd64 4.19.67-2+deb10u2
2019-12-16 15:00:20 status unpacked linux-libc-dev:amd64 4.19.67-2+deb10u2
2019-12-16 15:00:20 install libc6-dev:amd64 <none> 2.28-10
2019-12-16 15:00:20 status half-installed libc6-dev:amd64 2.28-10
2019-12-16 15:00:20 status unpacked libc6-dev:amd64 2.28-10
2019-12-16 15:00:20 install libstdc++-8-dev:amd64 <none> 8.3.0-6
2019-12-16 15:00:20 status half-installed libstdc++-8-dev:amd64 8.3.0-6
2019-12-16 15:00:21 status unpacked libstdc++-8-dev:amd64 8.3.0-6
2019-12-16 15:00:21 install g++-8:amd64 <none> 8.3.0-6
2019-12-16 15:00:21 status half-installed g++-8:amd64 8.3.0-6
2019-12-16 15:00:22 status unpacked g++-8:amd64 8.3.0-6
2019-12-16 15:00:22 install g++:amd64 <none> 4:8.3.0-1
2019-12-16 15:00:22 status half-installed g++:amd64 4:8.3.0-1
2019-12-16 15:00:22 status unpacked g++:amd64 4:8.3.0-1
2019-12-16 15:00:22 install make:amd64 <none> 4.2.1-1.2
2019-12-16 15:00:22 status half-installed make:amd64 4.2.1-1.2
2019-12-16 15:00:22 status unpacked make:amd64 4.2.1-1.2
2019-12-16 15:00:22 startup packages configure
2019-12-16 15:00:22 configure binutils-common:amd64 2.31.1-16 <none>
2019-12-16 15:00:22 status unpacked binutils-common:amd64 2.31.1-16
2019-12-16 15:00:22 status half-configured binutils-common:amd64 2.31.1-16
2019-12-16 15:00:22 status installed binutils-common:amd64 2.31.1-16
2019-12-16 15:00:22 configure linux-libc-dev:amd64 4.19.67-2+deb10u2 <none>
2019-12-16 15:00:22 status unpacked linux-libc-dev:amd64 4.19.67-2+deb10u2
2019-12-16 15:00:22 status half-configured linux-libc-dev:amd64 4.19.67-2+deb10u2
2019-12-16 15:00:22 status installed linux-libc-dev:amd64 4.19.67-2+deb10u2
2019-12-16 15:00:22 configure libgomp1:amd64 8.3.0-6 <none>
2019-12-16 15:00:22 status unpacked libgomp1:amd64 8.3.0-6
2019-12-16 15:00:22 status half-configured libgomp1:amd64 8.3.0-6
2019-12-16 15:00:22 status installed libgomp1:amd64 8.3.0-6
2019-12-16 15:00:22 configure libasan5:amd64 8.3.0-6 <none>
2019-12-16 15:00:22 status unpacked libasan5:amd64 8.3.0-6
2019-12-16 15:00:22 status half-configured libasan5:amd64 8.3.0-6
2019-12-16 15:00:22 status installed libasan5:amd64 8.3.0-6
2019-12-16 15:00:22 configure make:amd64 4.2.1-1.2 <none>
2019-12-16 15:00:22 status unpacked make:amd64 4.2.1-1.2
2019-12-16 15:00:22 status half-configured make:amd64 4.2.1-1.2
2019-12-16 15:00:22 status installed make:amd64 4.2.1-1.2
2019-12-16 15:00:22 configure libmpfr6:amd64 4.0.2-1 <none>
2019-12-16 15:00:22 status unpacked libmpfr6:amd64 4.0.2-1
2019-12-16 15:00:22 status half-configured libmpfr6:amd64 4.0.2-1
2019-12-16 15:00:22 status installed libmpfr6:amd64 4.0.2-1
2019-12-16 15:00:22 configure libquadmath0:amd64 8.3.0-6 <none>
2019-12-16 15:00:22 status unpacked libquadmath0:amd64 8.3.0-6
2019-12-16 15:00:22 status half-configured libquadmath0:amd64 8.3.0-6
2019-12-16 15:00:22 status installed libquadmath0:amd64 8.3.0-6
2019-12-16 15:00:22 configure libmpc3:amd64 1.1.0-1 <none>
2019-12-16 15:00:22 status unpacked libmpc3:amd64 1.1.0-1
2019-12-16 15:00:22 status half-configured libmpc3:amd64 1.1.0-1
2019-12-16 15:00:22 status installed libmpc3:amd64 1.1.0-1
2019-12-16 15:00:22 configure libatomic1:amd64 8.3.0-6 <none>
2019-12-16 15:00:22 status unpacked libatomic1:amd64 8.3.0-6
2019-12-16 15:00:22 status half-configured libatomic1:amd64 8.3.0-6
2019-12-16 15:00:22 status installed libatomic1:amd64 8.3.0-6
2019-12-16 15:00:22 configure libmpx2:amd64 8.3.0-6 <none>
2019-12-16 15:00:22 status unpacked libmpx2:amd64 8.3.0-6
2019-12-16 15:00:22 status half-configured libmpx2:amd64 8.3.0-6
2019-12-16 15:00:22 status installed libmpx2:amd64 8.3.0-6
2019-12-16 15:00:22 configure libubsan1:amd64 8.3.0-6 <none>
2019-12-16 15:00:22 status unpacked libubsan1:amd64 8.3.0-6
2019-12-16 15:00:22 status half-configured libubsan1:amd64 8.3.0-6
2019-12-16 15:00:22 status installed libubsan1:amd64 8.3.0-6
2019-12-16 15:00:22 configure libisl19:amd64 0.20-2 <none>
2019-12-16 15:00:22 status unpacked libisl19:amd64 0.20-2
2019-12-16 15:00:22 status half-configured libisl19:amd64 0.20-2
2019-12-16 15:00:22 status installed libisl19:amd64 0.20-2
2019-12-16 15:00:22 configure libbinutils:amd64 2.31.1-16 <none>
2019-12-16 15:00:22 status unpacked libbinutils:amd64 2.31.1-16
2019-12-16 15:00:22 status half-configured libbinutils:amd64 2.31.1-16
2019-12-16 15:00:22 status installed libbinutils:amd64 2.31.1-16
2019-12-16 15:00:22 configure cpp-8:amd64 8.3.0-6 <none>
2019-12-16 15:00:22 status unpacked cpp-8:amd64 8.3.0-6
2019-12-16 15:00:22 status half-configured cpp-8:amd64 8.3.0-6
2019-12-16 15:00:22 status installed cpp-8:amd64 8.3.0-6
2019-12-16 15:00:22 configure libc-dev-bin:amd64 2.28-10 <none>
2019-12-16 15:00:22 status unpacked libc-dev-bin:amd64 2.28-10
2019-12-16 15:00:22 status half-configured libc-dev-bin:amd64 2.28-10
2019-12-16 15:00:22 status installed libc-dev-bin:amd64 2.28-10
2019-12-16 15:00:22 configure libcc1-0:amd64 8.3.0-6 <none>
2019-12-16 15:00:22 status unpacked libcc1-0:amd64 8.3.0-6
2019-12-16 15:00:22 status half-configured libcc1-0:amd64 8.3.0-6
2019-12-16 15:00:22 status installed libcc1-0:amd64 8.3.0-6
2019-12-16 15:00:22 configure liblsan0:amd64 8.3.0-6 <none>
2019-12-16 15:00:22 status unpacked liblsan0:amd64 8.3.0-6
2019-12-16 15:00:22 status half-configured liblsan0:amd64 8.3.0-6
2019-12-16 15:00:22 status installed liblsan0:amd64 8.3.0-6
2019-12-16 15:00:22 configure libitm1:amd64 8.3.0-6 <none>
2019-12-16 15:00:22 status unpacked libitm1:amd64 8.3.0-6
2019-12-16 15:00:22 status half-configured libitm1:amd64 8.3.0-6
2019-12-16 15:00:22 status installed libitm1:amd64 8.3.0-6
2019-12-16 15:00:22 configure binutils-x86-64-linux-gnu:amd64 2.31.1-16 <none>
2019-12-16 15:00:22 status unpacked binutils-x86-64-linux-gnu:amd64 2.31.1-16
2019-12-16 15:00:22 status half-configured binutils-x86-64-linux-gnu:amd64 2.31.1-16
2019-12-16 15:00:22 status installed binutils-x86-64-linux-gnu:amd64 2.31.1-16
2019-12-16 15:00:22 configure libtsan0:amd64 8.3.0-6 <none>
2019-12-16 15:00:22 status unpacked libtsan0:amd64 8.3.0-6
2019-12-16 15:00:22 status half-configured libtsan0:amd64 8.3.0-6
2019-12-16 15:00:22 status installed libtsan0:amd64 8.3.0-6
2019-12-16 15:00:22 configure binutils:amd64 2.31.1-16 <none>
2019-12-16 15:00:22 status unpacked binutils:amd64 2.31.1-16
2019-12-16 15:00:22 status half-configured binutils:amd64 2.31.1-16
2019-12-16 15:00:22 status installed binutils:amd64 2.31.1-16
2019-12-16 15:00:22 configure libgcc-8-dev:amd64 8.3.0-6 <none>
2019-12-16 15:00:22 status unpacked libgcc-8-dev:amd64 8.3.0-6
2019-12-16 15:00:22 status half-configured libgcc-8-dev:amd64 8.3.0-6
2019-12-16 15:00:22 status installed libgcc-8-dev:amd64 8.3.0-6
2019-12-16 15:00:22 configure cpp:amd64 4:8.3.0-1 <none>
2019-12-16 15:00:22 status unpacked cpp:amd64 4:8.3.0-1
2019-12-16 15:00:22 status half-configured cpp:amd64 4:8.3.0-1
2019-12-16 15:00:22 status installed cpp:amd64 4:8.3.0-1
2019-12-16 15:00:22 configure libc6-dev:amd64 2.28-10 <none>
2019-12-16 15:00:22 status unpacked libc6-dev:amd64 2.28-10
2019-12-16 15:00:22 status half-configured libc6-dev:amd64 2.28-10
2019-12-16 15:00:22 status installed libc6-dev:amd64 2.28-10
2019-12-16 15:00:22 configure libstdc++-8-dev:amd64 8.3.0-6 <none>
2019-12-16 15:00:22 status unpacked libstdc++-8-dev:amd64 8.3.0-6
2019-12-16 15:00:22 status half-configured libstdc++-8-dev:amd64 8.3.0-6
2019-12-16 15:00:22 status installed libstdc++-8-dev:amd64 8.3.0-6
2019-12-16 15:00:22 configure gcc-8:amd64 8.3.0-6 <none>
2019-12-16 15:00:22 status unpacked gcc-8:amd64 8.3.0-6
2019-12-16 15:00:22 status half-configured gcc-8:amd64 8.3.0-6
2019-12-16 15:00:22 status installed gcc-8:amd64 8.3.0-6
2019-12-16 15:00:22 configure gcc:amd64 4:8.3.0-1 <none>
2019-12-16 15:00:22 status unpacked gcc:amd64 4:8.3.0-1
2019-12-16 15:00:22 status half-configured gcc:amd64 4:8.3.0-1
2019-12-16 15:00:22 status installed gcc:amd64 4:8.3.0-1
2019-12-16 15:00:22 configure g++-8:amd64 8.3.0-6 <none>
2019-12-16 15:00:22 status unpacked g++-8:amd64 8.3.0-6
2019-12-16 15:00:22 status half-configured g++-8:amd64 8.3.0-6
2019-12-16 15:00:22 status installed g++-8:amd64 8.3.0-6
2019-12-16 15:00:22 configure g++:amd64 4:8.3.0-1 <none>
2019-12-16 15:00:22 status unpacked g++:amd64 4:8.3.0-1
2019-12-16 15:00:22 status half-configured g++:amd64 4:8.3.0-1
2019-12-16 15:00:22 status installed g++:amd64 4:8.3.0-1
2019-12-16 15:00:22 trigproc libc-bin:amd64 2.28-10 <none>
2019-12-16 15:00:22 status half-configured libc-bin:amd64 2.28-10
2019-12-16 15:00:22 status installed libc-bin:amd64 2.28-10
2019-12-16 15:01:31 startup packages remove
2019-12-16 15:01:31 status installed g++:amd64 4:8.3.0-1
2019-12-16 15:01:31 remove g++:amd64 4:8.3.0-1 <none>
2019-12-16 15:01:31 status half-configured g++:amd64 4:8.3.0-1
2019-12-16 15:01:31 status half-installed g++:amd64 4:8.3.0-1
2019-12-16 15:01:31 status config-files g++:amd64 4:8.3.0-1
2019-12-16 15:01:31 status not-installed g++:amd64 <none>
2019-12-16 15:01:31 status installed make:amd64 4.2.1-1.2
2019-12-16 15:01:31 remove make:amd64 4.2.1-1.2 <none>
2019-12-16 15:01:31 status half-configured make:amd64 4.2.1-1.2
2019-12-16 15:01:31 status half-installed make:amd64 4.2.1-1.2
2019-12-16 15:01:31 status config-files make:amd64 4.2.1-1.2
2019-12-16 15:01:32 status not-installed make:amd64 <none>
2019-12-16 15:01:32 startup packages configure
2019-12-16 15:01:32 startup packages configure
2019-12-16 15:01:33 startup packages remove
2019-12-16 15:01:33 status installed gcc:amd64 4:8.3.0-1
2019-12-16 15:01:33 remove gcc:amd64 4:8.3.0-1 <none>
2019-12-16 15:01:33 status half-configured gcc:amd64 4:8.3.0-1
2019-12-16 15:01:33 status half-installed gcc:amd64 4:8.3.0-1
2019-12-16 15:01:33 status config-files gcc:amd64 4:8.3.0-1
2019-12-16 15:01:33 status not-installed gcc:amd64 <none>
2019-12-16 15:01:33 status installed g++-8:amd64 8.3.0-6
2019-12-16 15:01:33 remove g++-8:amd64 8.3.0-6 <none>
2019-12-16 15:01:33 status half-configured g++-8:amd64 8.3.0-6
2019-12-16 15:01:33 status half-installed g++-8:amd64 8.3.0-6
2019-12-16 15:01:33 status config-files g++-8:amd64 8.3.0-6
2019-12-16 15:01:33 status not-installed g++-8:amd64 <none>
2019-12-16 15:01:33 status installed gcc-8:amd64 8.3.0-6
2019-12-16 15:01:33 remove gcc-8:amd64 8.3.0-6 <none>
2019-12-16 15:01:33 status half-configured gcc-8:amd64 8.3.0-6
2019-12-16 15:01:33 status half-installed gcc-8:amd64 8.3.0-6
2019-12-16 15:01:33 status config-files gcc-8:amd64 8.3.0-6
2019-12-16 15:01:33 status not-installed gcc-8:amd64 <none>
2019-12-16 15:01:33 status installed binutils:amd64 2.31.1-16
2019-12-16 15:01:33 remove binutils:amd64 2.31.1-16 <none>
2019-12-16 15:01:33 status half-configured binutils:amd64 2.31.1-16
2019-12-16 15:01:33 status half-installed binutils:amd64 2.31.1-16
2019-12-16 15:01:33 status config-files binutils:amd64 2.31.1-16
2019-12-16 15:01:33 status not-installed binutils:amd64 <none>
2019-12-16 15:01:33 status installed binutils-x86-64-linux-gnu:amd64 2.31.1-16
2019-12-16 15:01:33 remove binutils-x86-64-linux-gnu:amd64 2.31.1-16 <none>
2019-12-16 15:01:33 status half-configured binutils-x86-64-linux-gnu:amd64 2.31.1-16
2019-12-16 15:01:33 status half-installed binutils-x86-64-linux-gnu:amd64 2.31.1-16
2019-12-16 15:01:33 status config-files binutils-x86-64-linux-gnu:amd64 2.31.1-16
2019-12-16 15:01:33 status not-installed binutils-x86-64-linux-gnu:amd64 <none>
2019-12-16 15:01:33 status installed libbinutils:amd64 2.31.1-16
2019-12-16 15:01:33 remove libbinutils:amd64 2.31.1-16 <none>
2019-12-16 15:01:33 status triggers-pending libc-bin:amd64 2.28-10
2019-12-16 15:01:33 status half-configured libbinutils:amd64 2.31.1-16
2019-12-16 15:01:33 status half-installed libbinutils:amd64 2.31.1-16
2019-12-16 15:01:33 status config-files libbinutils:amd64 2.31.1-16
2019-12-16 15:01:33 status not-installed libbinutils:amd64 <none>
2019-12-16 15:01:33 status installed binutils-common:amd64 2.31.1-16
2019-12-16 15:01:33 remove binutils-common:amd64 2.31.1-16 <none>
2019-12-16 15:01:33 status half-configured binutils-common:amd64 2.31.1-16
2019-12-16 15:01:33 status half-installed binutils-common:amd64 2.31.1-16
2019-12-16 15:01:33 status config-files binutils-common:amd64 2.31.1-16
2019-12-16 15:01:33 status not-installed binutils-common:amd64 <none>
2019-12-16 15:01:33 status installed cpp:amd64 4:8.3.0-1
2019-12-16 15:01:33 remove cpp:amd64 4:8.3.0-1 <none>
2019-12-16 15:01:33 status half-configured cpp:amd64 4:8.3.0-1
2019-12-16 15:01:33 status half-installed cpp:amd64 4:8.3.0-1
2019-12-16 15:01:33 status config-files cpp:amd64 4:8.3.0-1
2019-12-16 15:01:33 status not-installed cpp:amd64 <none>
2019-12-16 15:01:33 status installed cpp-8:amd64 8.3.0-6
2019-12-16 15:01:33 remove cpp-8:amd64 8.3.0-6 <none>
2019-12-16 15:01:33 status half-configured cpp-8:amd64 8.3.0-6
2019-12-16 15:01:33 status half-installed cpp-8:amd64 8.3.0-6
2019-12-16 15:01:33 status config-files cpp-8:amd64 8.3.0-6
2019-12-16 15:01:33 status not-installed cpp-8:amd64 <none>
2019-12-16 15:01:33 status installed libstdc++-8-dev:amd64 8.3.0-6
2019-12-16 15:01:33 remove libstdc++-8-dev:amd64 8.3.0-6 <none>
2019-12-16 15:01:33 status half-configured libstdc++-8-dev:amd64 8.3.0-6
2019-12-16 15:01:33 status half-installed libstdc++-8-dev:amd64 8.3.0-6
2019-12-16 15:01:33 status config-files libstdc++-8-dev:amd64 8.3.0-6
2019-12-16 15:01:33 status not-installed libstdc++-8-dev:amd64 <none>
2019-12-16 15:01:33 status installed libgcc-8-dev:amd64 8.3.0-6
2019-12-16 15:01:33 remove libgcc-8-dev:amd64 8.3.0-6 <none>
2019-12-16 15:01:33 status half-configured libgcc-8-dev:amd64 8.3.0-6
2019-12-16 15:01:33 status half-installed libgcc-8-dev:amd64 8.3.0-6
2019-12-16 15:01:33 status config-files libgcc-8-dev:amd64 8.3.0-6
2019-12-16 15:01:33 status not-installed libgcc-8-dev:amd64 <none>
2019-12-16 15:01:33 status installed libasan5:amd64 8.3.0-6
2019-12-16 15:01:33 remove libasan5:amd64 8.3.0-6 <none>
2019-12-16 15:01:33 status half-configured libasan5:amd64 8.3.0-6
2019-12-16 15:01:33 status half-installed libasan5:amd64 8.3.0-6
2019-12-16 15:01:33 status config-files libasan5:amd64 8.3.0-6
2019-12-16 15:01:33 status not-installed libasan5:amd64 <none>
2019-12-16 15:01:33 status installed libatomic1:amd64 8.3.0-6
2019-12-16 15:01:33 remove libatomic1:amd64 8.3.0-6 <none>
2019-12-16 15:01:33 status half-configured libatomic1:amd64 8.3.0-6
2019-12-16 15:01:33 status half-installed libatomic1:amd64 8.3.0-6
2019-12-16 15:01:33 status config-files libatomic1:amd64 8.3.0-6
2019-12-16 15:01:33 status not-installed libatomic1:amd64 <none>
2019-12-16 15:01:33 status installed libc6-dev:amd64 2.28-10
2019-12-16 15:01:33 remove libc6-dev:amd64 2.28-10 <none>
2019-12-16 15:01:33 status half-configured libc6-dev:amd64 2.28-10
2019-12-16 15:01:33 status half-installed libc6-dev:amd64 2.28-10
2019-12-16 15:01:33 status config-files libc6-dev:amd64 2.28-10
2019-12-16 15:01:34 status not-installed libc6-dev:amd64 <none>
2019-12-16 15:01:34 status installed libc-dev-bin:amd64 2.28-10
2019-12-16 15:01:34 remove libc-dev-bin:amd64 2.28-10 <none>
2019-12-16 15:01:34 status half-configured libc-dev-bin:amd64 2.28-10
2019-12-16 15:01:34 status half-installed libc-dev-bin:amd64 2.28-10
2019-12-16 15:01:34 status config-files libc-dev-bin:amd64 2.28-10
2019-12-16 15:01:34 status not-installed libc-dev-bin:amd64 <none>
2019-12-16 15:01:34 status installed libcc1-0:amd64 8.3.0-6
2019-12-16 15:01:34 remove libcc1-0:amd64 8.3.0-6 <none>
2019-12-16 15:01:34 status half-configured libcc1-0:amd64 8.3.0-6
2019-12-16 15:01:34 status half-installed libcc1-0:amd64 8.3.0-6
2019-12-16 15:01:34 status config-files libcc1-0:amd64 8.3.0-6
2019-12-16 15:01:34 status not-installed libcc1-0:amd64 <none>
2019-12-16 15:01:34 status installed libgomp1:amd64 8.3.0-6
2019-12-16 15:01:34 remove libgomp1:amd64 8.3.0-6 <none>
2019-12-16 15:01:34 status half-configured libgomp1:amd64 8.3.0-6
2019-12-16 15:01:34 status half-installed libgomp1:amd64 8.3.0-6
2019-12-16 15:01:34 status config-files libgomp1:amd64 8.3.0-6
2019-12-16 15:01:34 status not-installed libgomp1:amd64 <none>
2019-12-16 15:01:34 status installed libisl19:amd64 0.20-2
2019-12-16 15:01:34 remove libisl19:amd64 0.20-2 <none>
2019-12-16 15:01:34 status half-configured libisl19:amd64 0.20-2
2019-12-16 15:01:34 status half-installed libisl19:amd64 0.20-2
2019-12-16 15:01:34 status config-files libisl19:amd64 0.20-2
2019-12-16 15:01:34 status not-installed libisl19:amd64 <none>
2019-12-16 15:01:34 status installed libitm1:amd64 8.3.0-6
2019-12-16 15:01:34 remove libitm1:amd64 8.3.0-6 <none>
2019-12-16 15:01:34 status half-configured libitm1:amd64 8.3.0-6
2019-12-16 15:01:34 status half-installed libitm1:amd64 8.3.0-6
2019-12-16 15:01:34 status config-files libitm1:amd64 8.3.0-6
2019-12-16 15:01:34 status not-installed libitm1:amd64 <none>
2019-12-16 15:01:34 status installed liblsan0:amd64 8.3.0-6
2019-12-16 15:01:34 remove liblsan0:amd64 8.3.0-6 <none>
2019-12-16 15:01:34 status half-configured liblsan0:amd64 8.3.0-6
2019-12-16 15:01:34 status half-installed liblsan0:amd64 8.3.0-6
2019-12-16 15:01:34 status config-files liblsan0:amd64 8.3.0-6
2019-12-16 15:01:34 status not-installed liblsan0:amd64 <none>
2019-12-16 15:01:34 status installed libmpc3:amd64 1.1.0-1
2019-12-16 15:01:34 remove libmpc3:amd64 1.1.0-1 <none>
2019-12-16 15:01:34 status half-configured libmpc3:amd64 1.1.0-1
2019-12-16 15:01:34 status half-installed libmpc3:amd64 1.1.0-1
2019-12-16 15:01:34 status config-files libmpc3:amd64 1.1.0-1
2019-12-16 15:01:34 status not-installed libmpc3:amd64 <none>
2019-12-16 15:01:34 status installed libmpfr6:amd64 4.0.2-1
2019-12-16 15:01:34 remove libmpfr6:amd64 4.0.2-1 <none>
2019-12-16 15:01:34 status half-configured libmpfr6:amd64 4.0.2-1
2019-12-16 15:01:34 status half-installed libmpfr6:amd64 4.0.2-1
2019-12-16 15:01:34 status config-files libmpfr6:amd64 4.0.2-1
2019-12-16 15:01:34 status not-installed libmpfr6:amd64 <none>
2019-12-16 15:01:34 status installed libmpx2:amd64 8.3.0-6
2019-12-16 15:01:34 remove libmpx2:amd64 8.3.0-6 <none>
2019-12-16 15:01:34 status half-configured libmpx2:amd64 8.3.0-6
2019-12-16 15:01:34 status half-installed libmpx2:amd64 8.3.0-6
2019-12-16 15:01:34 status config-files libmpx2:amd64 8.3.0-6
2019-12-16 15:01:34 status not-installed libmpx2:amd64 <none>
2019-12-16 15:01:34 status installed libquadmath0:amd64 8.3.0-6
2019-12-16 15:01:34 remove libquadmath0:amd64 8.3.0-6 <none>
2019-12-16 15:01:34 status half-configured libquadmath0:amd64 8.3.0-6
2019-12-16 15:01:34 status half-installed libquadmath0:amd64 8.3.0-6
2019-12-16 15:01:34 status config-files libquadmath0:amd64 8.3.0-6
2019-12-16 15:01:34 status not-installed libquadmath0:amd64 <none>
2019-12-16 15:01:34 status installed libtsan0:amd64 8.3.0-6
2019-12-16 15:01:34 remove libtsan0:amd64 8.3.0-6 <none>
2019-12-16 15:01:34 status half-configured libtsan0:amd64 8.3.0-6
2019-12-16 15:01:34 status half-installed libtsan0:amd64 8.3.0-6
2019-12-16 15:01:34 status config-files libtsan0:amd64 8.3.0-6
2019-12-16 15:01:34 status not-installed libtsan0:amd64 <none>
2019-12-16 15:01:34 status installed libubsan1:amd64 8.3.0-6
2019-12-16 15:01:34 remove libubsan1:amd64 8.3.0-6 <none>
2019-12-16 15:01:34 status half-configured libubsan1:amd64 8.3.0-6
2019-12-16 15:01:34 status half-installed libubsan1:amd64 8.3.0-6
2019-12-16 15:01:34 status config-files libubsan1:amd64 8.3.0-6
2019-12-16 15:01:34 status not-installed libubsan1:amd64 <none>
2019-12-16 15:01:34 status installed linux-libc-dev:amd64 4.19.67-2+deb10u2
2019-12-16 15:01:34 remove linux-libc-dev:amd64 4.19.67-2+deb10u2 <none>
2019-12-16 15:01:34 status half-configured linux-libc-dev:amd64 4.19.67-2+deb10u2
2019-12-16 15:01:34 status half-installed linux-libc-dev:amd64 4.19.67-2+deb10u2
2019-12-16 15:01:34 status config-files linux-libc-dev:amd64 4.19.67-2+deb10u2
2019-12-16 15:01:34 status not-installed linux-libc-dev:amd64 <none>
2019-12-16 15:01:34 startup packages configure
2019-12-16 15:01:34 trigproc libc-bin:amd64 2.28-10 <none>
2019-12-16 15:01:34 status half-configured libc-bin:amd64 2.28-10
2019-12-16 15:01:34 status installed libc-bin:amd64 2.28-10
